TN:
SF:src/function.ts
FN:67,(anonymous_0)
FN:88,(anonymous_1)
FN:114,(anonymous_2)
FN:150,(anonymous_3)
FNF:4
FNH:4
FNDA:3,(anonymous_0)
FNDA:130,(anonymous_1)
FNDA:168,(anonymous_2)
FNDA:26,(anonymous_3)
DA:8,2
DA:12,2
DA:65,2
DA:68,3
DA:69,3
DA:71,3
DA:73,3
DA:74,24
DA:75,24
DA:80,3
DA:87,3
DA:90,130
DA:92,130
DA:93,1
DA:96,129
DA:98,129
DA:99,2
DA:103,127
DA:105,127
DA:113,3
DA:116,168
DA:117,168
DA:119,168
DA:122,163
DA:124,163
DA:125,52
DA:133,111
DA:135,111
DA:137,111
DA:146,5
DA:149,3
DA:153,26
DA:154,26
DA:161,2
LF:34
LH:34
BRDA:67,0,0,0
BRDA:92,1,0,1
BRDA:92,1,1,129
BRDA:98,2,0,2
BRDA:98,2,1,127
BRDA:105,3,0,2
BRDA:105,3,1,125
BRDA:119,4,0,163
BRDA:119,4,1,5
BRDA:124,5,0,52
BRDA:124,5,1,111
BRDA:137,6,0,1
BRDA:137,6,1,110
BRDA:154,7,0,25
BRDA:154,7,1,1
BRDA:71,8,0,3
BRDA:71,8,1,0
BRF:17
BRH:15
end_of_record
TN:
SF:src/level.ts
FN:41,(anonymous_0)
FN:47,(anonymous_1)
FNF:2
FNH:2
FNDA:23,(anonymous_0)
FNDA:2697,(anonymous_1)
DA:8,3
DA:12,3
DA:39,3
DA:42,23
DA:43,23
DA:46,23
DA:48,2697
DA:51,3
LF:8
LH:8
BRDA:41,0,0,20
BRDA:48,1,0,1756
BRDA:48,1,1,941
BRF:3
BRH:3
end_of_record
TN:
SF:src/null.ts
FN:51,(anonymous_0)
FN:57,(anonymous_1)
FNF:2
FNH:2
FNDA:1,(anonymous_0)
FNDA:2,(anonymous_1)
DA:10,1
DA:41,1
DA:52,1
DA:53,1
DA:56,1
DA:58,2
DA:61,1
LF:7
LH:7
BRDA:51,0,0,1
BRF:1
BRH:1
end_of_record
TN:
SF:src/random.ts
FN:81,(anonymous_1)
FN:96,(anonymous_2)
FNF:2
FNH:2
FNDA:1,(anonymous_1)
FNDA:44,(anonymous_2)
DA:8,1
DA:10,1
DA:13,1
DA:14,1
DA:15,1
DA:16,1
DA:17,1
DA:18,1
DA:79,1
DA:87,1
DA:88,1
DA:91,1
DA:92,1
DA:95,1
DA:98,44
DA:99,44
DA:100,44
DA:102,44
DA:106,2
DA:109,42
DA:110,42
DA:111,42
DA:112,42
DA:113,42
DA:117,42
DA:118,30
DA:120,12
DA:122,42
DA:123,10
DA:125,42
DA:129,1
LF:31
LH:31
BRDA:89,0,0,1
BRDA:82,1,0,1
BRDA:99,2,0,36
BRDA:99,2,1,8
BRDA:99,3,0,44
BRDA:99,3,1,44
BRDA:99,4,0,0
BRDA:99,4,1,44
BRDA:99,5,0,44
BRDA:99,5,1,44
BRDA:100,6,0,36
BRDA:100,6,1,8
BRDA:100,7,0,44
BRDA:100,7,1,44
BRDA:100,8,0,0
BRDA:100,8,1,44
BRDA:100,9,0,44
BRDA:100,9,1,44
BRDA:102,10,0,2
BRDA:102,10,1,42
BRDA:102,11,0,44
BRDA:102,11,1,42
BRDA:102,11,2,42
BRDA:109,12,0,30
BRDA:109,12,1,12
BRDA:109,13,0,42
BRDA:109,13,1,42
BRDA:109,14,0,0
BRDA:109,14,1,42
BRDA:109,15,0,42
BRDA:109,15,1,42
BRDA:110,16,0,10
BRDA:110,16,1,32
BRDA:110,17,0,42
BRDA:110,17,1,42
BRDA:110,18,0,0
BRDA:110,18,1,42
BRDA:110,19,0,42
BRDA:110,19,1,42
BRDA:111,20,0,0
BRDA:111,20,1,42
BRDA:111,21,0,42
BRDA:111,21,1,42
BRDA:111,22,0,0
BRDA:111,22,1,42
BRDA:111,23,0,42
BRDA:111,23,1,42
BRDA:112,24,0,20
BRDA:112,24,1,22
BRDA:117,25,0,30
BRDA:117,25,1,12
BRDA:122,26,0,10
BRDA:122,26,1,32
BRDA:122,27,0,42
BRDA:122,27,1,42
BRDA:122,27,2,42
BRDA:123,28,0,5
BRDA:123,28,1,5
BRDA:125,29,0,20
BRDA:125,29,1,22
BRF:60
BRH:54
end_of_record
TN:
SF:src/some.ts
FN:46,(anonymous_0)
FN:52,(anonymous_1)
FN:63,(anonymous_2)
FNF:3
FNH:3
FNDA:8,(anonymous_0)
FNDA:2407,(anonymous_1)
FNDA:400,(anonymous_2)
DA:10,2
DA:12,2
DA:44,2
DA:47,8
DA:48,8
DA:51,8
DA:53,2407
DA:54,2407
DA:55,1503
DA:57,904
DA:62,8
DA:64,400
DA:66,400
DA:72,2
LF:14
LH:14
BRDA:46,0,0,7
BRDA:54,1,0,1503
BRDA:54,1,1,904
BRDA:54,2,0,2407
BRDA:54,2,1,2405
BRDA:58,3,0,2
BRDA:58,3,1,902
BRDA:67,4,0,0
BRDA:67,4,1,400
BRF:9
BRH:8
end_of_record
TN:
SF:src/string_replace.ts
FN:69,(anonymous_1)
FN:81,(anonymous_2)
FNF:2
FNH:2
FNDA:5,(anonymous_1)
FNDA:38,(anonymous_2)
DA:8,2
DA:10,2
DA:67,2
DA:72,5
DA:73,5
DA:76,5
DA:77,5
DA:80,5
DA:83,38
DA:84,38
DA:85,38
DA:86,38
DA:88,38
DA:96,2
LF:14
LH:14
BRDA:74,0,0,1
BRDA:70,1,0,2
BRDA:84,2,0,37
BRDA:84,2,1,1
BRDA:84,3,0,38
BRDA:84,3,1,38
BRDA:85,4,0,26
BRDA:85,4,1,12
BRDA:85,5,0,38
BRDA:85,5,1,38
BRDA:91,6,0,15
BRDA:91,6,1,23
BRDA:88,7,0,38
BRDA:88,7,1,17
BRDA:88,7,2,17
BRDA:88,7,3,16
BRF:16
BRH:16
end_of_record
TN:
SF:src/template.ts
FN:55,(anonymous_1)
FN:64,(anonymous_2)
FN:71,(anonymous_3)
FNF:3
FNH:3
FNDA:5,(anonymous_1)
FNDA:50,(anonymous_2)
FNDA:45,(anonymous_3)
DA:10,1
DA:53,1
DA:55,5
DA:56,5
DA:59,5
DA:60,5
DA:63,5
DA:66,50
DA:67,50
DA:68,50
DA:71,50
DA:73,45
DA:74,45
DA:76,45
DA:78,45
DA:79,35
DA:81,10
DA:83,25
DA:84,25
DA:85,25
DA:87,25
DA:88,20
DA:89,25
DA:92,10
DA:93,20
DA:95,10
DA:98,50
DA:105,1
LF:28
LH:28
BRDA:57,0,0,5
BRDA:55,1,0,5
BRDA:78,2,0,35
BRDA:78,2,1,10
BRDA:85,3,0,20
BRDA:85,3,1,5
BRDA:87,4,0,20
BRDA:87,4,1,5
BRDA:99,5,0,25
BRDA:99,5,1,25
BRF:10
BRH:10
end_of_record
TN:
SF:src/template_functions.ts
FN:98,(anonymous_1)
FN:108,(anonymous_2)
FN:115,(anonymous_3)
FN:135,(anonymous_4)
FNF:4
FNH:4
FNDA:5,(anonymous_1)
FNDA:48,(anonymous_2)
FNDA:44,(anonymous_3)
FNDA:48,(anonymous_4)
DA:10,1
DA:96,1
DA:98,5
DA:99,5
DA:102,5
DA:103,5
DA:107,5
DA:110,48
DA:111,48
DA:112,48
DA:115,48
DA:117,44
DA:118,44
DA:122,44
DA:123,11
DA:124,11
DA:126,3
DA:128,11
DA:131,33
DA:135,48
DA:137,48
DA:138,48
DA:140,48
DA:142,48
DA:143,13
DA:145,35
DA:147,44
DA:148,44
DA:150,44
DA:153,41
DA:155,8
DA:157,8
DA:163,33
DA:167,41
DA:169,44
DA:172,35
DA:173,8
DA:174,14
DA:175,8
DA:178,27
DA:181,48
DA:186,1
LF:42
LH:42
BRDA:100,0,0,5
BRDA:98,1,0,5
BRDA:117,2,0,0
BRDA:117,2,1,44
BRDA:117,3,0,0
BRDA:117,3,1,44
BRDA:117,4,0,44
BRDA:117,4,1,44
BRDA:118,5,0,44
BRDA:118,5,1,0
BRDA:118,6,0,44
BRDA:118,6,1,44
BRDA:118,7,0,0
BRDA:118,7,1,44
BRDA:118,8,0,44
BRDA:118,8,1,44
BRDA:122,9,0,11
BRDA:122,9,1,33
BRDA:142,10,0,13
BRDA:142,10,1,35
BRDA:150,11,0,41
BRDA:150,11,1,3
BRDA:153,12,0,8
BRDA:153,12,1,33
BRDA:158,13,0,7
BRDA:158,13,1,1
BRDA:157,14,0,8
BRDA:157,14,1,1
BRDA:164,15,0,3
BRDA:164,15,1,30
BRDA:165,16,0,13
BRDA:165,16,1,17
BRDA:165,17,0,13
BRDA:165,17,1,0
BRDA:165,18,0,13
BRDA:165,18,1,13
BRDA:172,19,0,8
BRDA:172,19,1,27
BRDA:181,20,0,48
BRDA:181,20,1,27
BRF:40
BRH:35
end_of_record
TN:
SF:src/transformer.ts
FN:77,(anonymous_0)
FN:94,(anonymous_1)
FN:111,(anonymous_2)
FN:132,(anonymous_3)
FN:143,(anonymous_4)
FN:159,(anonymous_5)
FN:161,(anonymous_6)
FN:187,(anonymous_7)
FN:198,(anonymous_8)
FN:222,(anonymous_9)
FN:264,(anonymous_10)
FN:290,(anonymous_11)
FNF:12
FNH:12
FNDA:98,(anonymous_0)
FNDA:93,(anonymous_1)
FNDA:203,(anonymous_2)
FNDA:6396,(anonymous_3)
FNDA:10,(anonymous_4)
FNDA:852,(anonymous_5)
FNDA:852,(anonymous_6)
FNDA:44,(anonymous_7)
FNDA:511,(anonymous_8)
FNDA:58,(anonymous_9)
FNDA:19084,(anonymous_10)
FNDA:19090,(anonymous_11)
DA:9,10
DA:10,10
DA:18,10
DA:24,10
DA:75,10
DA:79,98
DA:80,98
DA:82,98
DA:83,98
DA:85,98
DA:87,98
DA:88,98
DA:89,13
DA:95,93
DA:96,87
DA:97,609
DA:98,609
DA:99,173
DA:105,98
DA:106,98
DA:108,98
DA:109,98
DA:112,203
DA:113,152
DA:114,152
DA:115,149
DA:116,3
DA:117,3
DA:133,6396
DA:144,10
DA:161,852
DA:165,852
DA:175,852
DA:176,129
DA:178,723
DA:188,44
DA:200,511
DA:201,511
DA:202,111
DA:203,111
DA:205,400
DA:208,98
DA:209,98
DA:223,58
DA:224,0
DA:226,58
DA:227,47
DA:229,47
DA:230,51
DA:231,51
DA:233,51
DA:234,51
DA:236,51
DA:240,11
DA:242,58
DA:244,58
DA:247,98
DA:248,98
DA:249,98
DA:250,98
DA:251,98
DA:252,98
DA:253,98
DA:265,19084
DA:267,19084
DA:268,11162
DA:270,19084
DA:291,19090
DA:292,19090
DA:294,19090
DA:297,19090
DA:298,26005
DA:299,13561
DA:300,13561
DA:305,19090
DA:307,19090
DA:312,10
LF:77
LH:76
BRDA:78,0,0,9
BRDA:78,1,0,73
BRDA:78,2,0,84
BRDA:78,3,0,93
BRDA:95,4,0,87
BRDA:95,4,1,6
BRDA:98,5,0,173
BRDA:98,5,1,436
BRDA:114,6,0,149
BRDA:114,6,1,3
BRDA:116,7,0,3
BRDA:116,7,1,0
BRDA:116,8,0,3
BRDA:116,8,1,3
BRDA:133,9,0,138
BRDA:133,9,1,6258
BRDA:133,10,0,6396
BRDA:133,10,1,6396
BRDA:144,11,0,10
BRDA:144,11,1,0
BRDA:144,12,0,10
BRDA:144,12,1,10
BRDA:166,13,0,447
BRDA:166,13,1,405
BRDA:167,14,0,10
BRDA:167,14,1,437
BRDA:169,15,0,3
BRDA:169,15,1,434
BRDA:175,16,0,129
BRDA:175,16,1,723
BRDA:176,17,0,129
BRDA:176,17,1,0
BRDA:201,18,0,111
BRDA:201,18,1,400
BRDA:203,19,0,110
BRDA:203,19,1,1
BRDA:223,20,0,0
BRDA:223,20,1,58
BRDA:226,21,0,47
BRDA:226,21,1,11
BRDA:290,22,0,1349
BRDA:290,23,0,1419
BRDA:298,24,0,13561
BRDA:298,24,1,12444
BRF:44
BRH:40
end_of_record
TN:
SF:src/traversal.ts
FN:46,(anonymous_0)
FN:53,(anonymous_1)
FN:57,(anonymous_2)
FN:70,(anonymous_3)
FNF:4
FNH:4
FNDA:35,(anonymous_0)
FNDA:3364,(anonymous_1)
FNDA:2655,(anonymous_2)
FNDA:532,(anonymous_3)
DA:10,7
DA:44,7
DA:47,35
DA:48,35
DA:52,35
DA:53,3364
DA:56,35
DA:59,2655
DA:60,2655
DA:62,2655
DA:63,4515
DA:65,2655
DA:69,35
DA:72,532
DA:73,532
DA:75,532
DA:76,547
DA:79,532
DA:83,7
LF:19
LH:19
BRDA:46,0,0,20
BRF:1
BRH:1
end_of_record
TN:
SF:src/traversal_breadth_first.ts
FN:51,(anonymous_0)
FN:63,(anonymous_1)
FN:67,(anonymous_2)
FN:81,(anonymous_3)
FN:58,(anonymous_4)
FNF:5
FNH:5
FNDA:1,(anonymous_0)
FNDA:500,(anonymous_1)
FNDA:400,(anonymous_2)
FNDA:100,(anonymous_3)
FNDA:1000,(anonymous_4)
DA:10,1
DA:49,1
DA:52,1
DA:53,1
DA:59,1000
DA:62,1
DA:63,500
DA:66,1
DA:69,400
DA:71,400
DA:73,400
DA:74,700
DA:76,400
DA:80,1
DA:83,100
DA:86,100
DA:88,100
DA:89,100
DA:92,100
DA:96,1
LF:20
LH:20
BRDA:51,0,0,1
BRF:1
BRH:1
end_of_record
TN:
SF:src/traversal_restricted.ts
FN:46,(anonymous_1)
FN:57,(anonymous_2)
FNF:2
FNH:2
FNDA:6,(anonymous_1)
FNDA:67,(anonymous_2)
DA:10,1
DA:44,1
DA:48,6
DA:49,6
DA:52,6
DA:53,6
DA:58,67
DA:59,67
DA:66,1
LF:9
LH:9
BRDA:50,0,0,5
BRDA:46,1,0,5
BRDA:61,2,0,61
BRDA:61,2,1,6
BRDA:59,3,0,67
BRDA:59,3,1,62
BRF:6
BRH:6
end_of_record
TN:
SF:src/types.ts
FN:90,(anonymous_0)
FN:301,isJsonString
FN:311,isJsonNumber
FN:321,isJsonBoolean
FN:331,isJsonNull
FN:342,isJsonPrimitive
FN:354,isJsonArray
FN:364,isJsonObject
FN:374,isJsonValue
FN:384,isJsonFunction
FN:394,isRegExp
FN:404,isInitMap
FNF:12
FNH:8
FNDA:10,(anonymous_0)
FNDA:6409,isJsonString
FNDA:168,isJsonNumber
FNDA:0,isJsonBoolean
FNDA:3,isJsonNull
FNDA:7551,isJsonPrimitive
FNDA:10184,isJsonArray
FNDA:3679,isJsonObject
FNDA:16,isJsonValue
FNDA:0,isJsonFunction
FNDA:0,isRegExp
FNDA:0,isInitMap
DA:11,10
DA:19,10
DA:27,10
DA:39,10
DA:49,10
DA:57,10
DA:67,10
DA:77,10
DA:90,10
DA:92,10
DA:93,10
DA:94,10
DA:95,10
DA:96,10
DA:97,10
DA:98,10
DA:250,10
DA:265,10
DA:300,10
DA:302,6409
DA:310,10
DA:312,168
DA:320,10
DA:322,0
DA:330,10
DA:332,3
DA:341,10
DA:343,7551
DA:344,7551
DA:353,10
DA:355,10184
DA:363,10
DA:365,3679
DA:373,10
DA:375,16
DA:383,10
DA:385,0
DA:393,10
DA:395,0
DA:403,10
DA:405,0
LF:41
LH:37
BRDA:91,0,0,10
BRDA:91,0,1,10
BRDA:344,1,0,7551
BRDA:344,1,1,7551
BRDA:344,1,2,4047
BRDA:344,1,3,3688
BRDA:365,2,0,3679
BRDA:365,2,1,3679
BRDA:365,2,2,1250
BRDA:375,3,0,16
BRDA:375,3,1,16
BRDA:385,4,0,0
BRDA:385,4,1,0
BRDA:405,5,0,0
BRDA:405,5,1,0
BRDA:405,5,2,0
BRF:16
BRH:11
end_of_record
TN:
SF:src/function/aggregate.ts
FN:49,aggregate
FN:121,(anonymous_1)
FN:168,(anonymous_2)
FN:217,(anonymous_3)
FN:219,(anonymous_4)
FN:268,(anonymous_5)
FN:270,(anonymous_6)
FN:318,(anonymous_7)
FN:365,(anonymous_8)
FN:412,(anonymous_9)
FN:413,(anonymous_10)
FNF:11
FNH:11
FNDA:16,aggregate
FNDA:5,(anonymous_1)
FNDA:10,(anonymous_2)
FNDA:2,(anonymous_3)
FNDA:4,(anonymous_4)
FNDA:2,(anonymous_5)
FNDA:4,(anonymous_6)
FNDA:5,(anonymous_7)
FNDA:5,(anonymous_8)
FNDA:5,(anonymous_9)
FNDA:2,(anonymous_10)
DA:8,1
DA:48,1
DA:53,16
DA:54,16
DA:55,16
DA:56,16
DA:57,16
DA:58,16
DA:60,16
DA:62,16
DA:66,16
DA:67,42
DA:69,16
DA:70,2
DA:72,16
DA:75,0
DA:116,1
DA:121,5
DA:163,1
DA:168,10
DA:211,1
DA:218,2
DA:219,4
DA:262,1
DA:269,2
DA:270,4
DA:313,1
DA:318,5
DA:360,1
DA:365,5
DA:407,1
DA:412,5
DA:414,2
DA:418,1
LF:34
LH:33
BRDA:50,0,0,0
BRDA:54,1,0,4
BRDA:54,1,1,12
BRDA:54,2,0,16
BRDA:54,2,1,16
BRDA:60,3,0,16
BRDA:60,3,1,0
BRDA:63,4,0,4
BRDA:63,4,1,12
BRDA:69,5,0,2
BRDA:69,5,1,14
BRDA:218,6,0,1
BRDA:218,6,1,1
BRDA:219,7,0,3
BRDA:219,7,1,1
BRDA:269,8,0,1
BRDA:269,8,1,1
BRDA:270,9,0,2
BRDA:270,9,1,2
BRF:19
BRH:17
end_of_record
TN:
SF:src/function/count.ts
FN:76,count
FNF:1
FNH:1
FNDA:8,count
DA:8,1
DA:75,1
DA:79,8
DA:88,1
DA:94,1
LF:5
LH:5
BRDA:77,0,0,0
BRF:1
BRH:0
end_of_record
TN:
SF:src/function/duplicate.ts
FN:74,duplicate
FN:74,(anonymous_1)
FNF:2
FNH:1
FNDA:4,duplicate
FNDA:0,(anonymous_1)
DA:8,2
DA:10,2
DA:13,2
DA:14,2
DA:15,2
DA:73,2
DA:74,0
DA:77,4
DA:78,4
DA:79,4
DA:80,4
DA:81,4
DA:82,4
DA:84,4
DA:85,2
DA:86,23
DA:87,49
DA:91,2
DA:92,6
DA:95,4
DA:106,2
DA:115,2
LF:22
LH:21
BRDA:74,0,0,0
BRDA:79,1,0,4
BRDA:79,1,1,0
BRDA:79,2,0,4
BRDA:79,2,1,4
BRDA:79,3,0,0
BRDA:79,3,1,4
BRDA:79,4,0,4
BRDA:79,4,1,4
BRDA:80,5,0,4
BRDA:80,5,1,0
BRDA:80,6,0,4
BRDA:80,6,1,4
BRDA:80,7,0,0
BRDA:80,7,1,4
BRDA:80,8,0,4
BRDA:80,8,1,4
BRDA:81,9,0,2
BRDA:81,9,1,2
BRDA:81,10,0,4
BRDA:81,10,1,4
BRDA:81,11,0,0
BRDA:81,11,1,4
BRDA:81,12,0,4
BRDA:81,12,1,4
BRDA:84,13,0,2
BRDA:84,13,1,2
BRDA:84,14,0,4
BRDA:84,14,1,2
BRF:29
BRH:23
end_of_record
TN:
SF:src/function/level.ts
FN:24,level
FNF:1
FNH:1
FNDA:1,level
DA:8,1
DA:23,1
DA:25,1
DA:52,1
DA:58,1
LF:5
LH:5
BRF:0
BRH:0
end_of_record
TN:
SF:src/function/random.ts
FN:80,random
FN:81,(anonymous_1)
FNF:2
FNH:1
FNDA:42,random
FNDA:0,(anonymous_1)
DA:8,1
DA:12,1
DA:13,1
DA:14,1
DA:15,1
DA:16,1
DA:79,1
DA:81,0
DA:83,42
DA:84,42
DA:85,42
DA:88,42
DA:89,42
DA:90,42
DA:91,42
DA:92,42
DA:96,42
DA:97,30
DA:99,12
DA:101,42
DA:102,10
DA:104,42
DA:114,1
DA:126,1
LF:24
LH:23
BRDA:81,0,0,0
BRDA:84,1,0,36
BRDA:84,1,1,6
BRDA:84,2,0,42
BRDA:84,2,1,42
BRDA:84,3,0,0
BRDA:84,3,1,42
BRDA:84,4,0,42
BRDA:84,4,1,42
BRDA:85,5,0,36
BRDA:85,5,1,6
BRDA:85,6,0,42
BRDA:85,6,1,42
BRDA:85,7,0,0
BRDA:85,7,1,42
BRDA:85,8,0,42
BRDA:85,8,1,42
BRDA:88,9,0,30
BRDA:88,9,1,12
BRDA:88,10,0,42
BRDA:88,10,1,42
BRDA:88,11,0,0
BRDA:88,11,1,42
BRDA:88,12,0,42
BRDA:88,12,1,42
BRDA:89,13,0,10
BRDA:89,13,1,32
BRDA:89,14,0,42
BRDA:89,14,1,42
BRDA:89,15,0,0
BRDA:89,15,1,42
BRDA:89,16,0,42
BRDA:89,16,1,42
BRDA:90,17,0,0
BRDA:90,17,1,42
BRDA:90,18,0,42
BRDA:90,18,1,42
BRDA:90,19,0,0
BRDA:90,19,1,42
BRDA:90,20,0,42
BRDA:90,20,1,42
BRDA:91,21,0,20
BRDA:91,21,1,22
BRDA:96,22,0,30
BRDA:96,22,1,12
BRDA:101,23,0,10
BRDA:101,23,1,32
BRDA:101,24,0,42
BRDA:101,24,1,42
BRDA:101,24,2,42
BRDA:102,25,0,5
BRDA:102,25,1,5
BRDA:104,26,0,20
BRDA:104,26,1,22
BRF:54
BRH:47
end_of_record
TN:
SF:src/function/sequence.ts
FN:62,sequence
FN:62,(anonymous_1)
FNF:2
FNH:1
FNDA:6,sequence
FNDA:0,(anonymous_1)
DA:8,2
DA:13,2
DA:14,2
DA:15,2
DA:16,2
DA:61,2
DA:62,0
DA:65,6
DA:66,6
DA:67,6
DA:68,6
DA:69,6
DA:70,6
DA:71,6
DA:73,6
DA:74,56
DA:76,56
DA:77,4
DA:79,56
DA:80,28
DA:81,28
DA:84,56
DA:87,6
DA:99,2
DA:110,2
LF:25
LH:24
BRDA:62,0,0,0
BRDA:66,1,0,4
BRDA:66,1,1,2
BRDA:66,2,0,6
BRDA:66,2,1,6
BRDA:66,3,0,0
BRDA:66,3,1,6
BRDA:66,4,0,6
BRDA:66,4,1,6
BRDA:67,5,0,6
BRDA:67,5,1,0
BRDA:67,6,0,6
BRDA:67,6,1,6
BRDA:67,7,0,0
BRDA:67,7,1,6
BRDA:67,8,0,6
BRDA:67,8,1,6
BRDA:68,9,0,1
BRDA:68,9,1,5
BRDA:68,10,0,6
BRDA:68,10,1,6
BRDA:68,11,0,0
BRDA:68,11,1,6
BRDA:68,12,0,6
BRDA:68,12,1,6
BRDA:69,13,0,3
BRDA:69,13,1,3
BRDA:69,14,0,6
BRDA:69,14,1,6
BRDA:69,15,0,0
BRDA:69,15,1,6
BRDA:69,16,0,6
BRDA:69,16,1,6
BRDA:70,17,0,3
BRDA:70,17,1,3
BRDA:76,18,0,4
BRDA:76,18,1,52
BRDA:79,19,0,28
BRDA:79,19,1,28
BRDA:80,20,0,28
BRDA:80,20,1,0
BRF:41
BRH:34
end_of_record
TN:
SF:src/function/shuffle.ts
FN:42,shuffle
FNF:1
FNH:1
FNDA:3,shuffle
DA:8,2
DA:42,2
DA:45,3
DA:48,3
DA:49,47
DA:50,47
DA:51,42
DA:54,3
DA:65,2
DA:71,2
LF:10
LH:10
BRDA:43,0,0,0
BRDA:50,1,0,42
BRDA:50,1,1,5
BRF:3
BRH:2
end_of_record
TN:
SF:src/function/some.ts
FN:55,some
FNF:1
FNH:1
FNDA:206,some
DA:8,1
DA:54,1
DA:58,206
DA:59,206
DA:71,1
DA:77,1
LF:6
LH:6
BRDA:56,0,0,0
BRDA:60,1,0,2
BRDA:60,1,1,204
BRF:3
BRH:2
end_of_record
TN:
SF:src/function/unnest.ts
FN:47,unnest
FNF:1
FNH:1
FNDA:2,unnest
DA:8,2
DA:46,2
DA:51,2
DA:52,2
DA:54,2
DA:55,10
DA:57,10
DA:58,10
DA:60,2
DA:63,2
DA:73,2
DA:79,2
LF:12
LH:12
BRDA:48,0,0,0
BRDA:57,1,0,8
BRDA:57,1,1,2
BRF:3
BRH:2
end_of_record
